This is XeTeX, Version 3.14159265-2.6-0.99999 (TeX Live 2018) (preloaded format=xelatex 2018.10.12)  9 SEP 2022 10:34
entering extended mode
 restricted \write18 enabled.
 %&-line parsing enabled.
**Explanation-Documentation.tex
(./Explanation-Documentation.tex
LaTeX2e <2018-04-01> patch level 5

! LaTeX Error: File `scrartcl.cls' not found.

Type X to quit or <RETURN> to proceed,
or enter new name. (Default extension: cls)

Enter file name: 
! Emergency stop.
<read *> 
         
l.10 ^^M
         
Here is how much of TeX's memory you used:
 12 strings out of 494944
 216 string characters out of 6174648
 55618 words of memory out of 5000000
 3995 multiletter control sequences out of 15000+600000
 3640 words of font info for 14 fonts, out of 8000000 for 9000
 14 hyphenation exceptions out of 8191
 10i,0n,8p,106b,8s stack positions out of 5000i,500n,10000p,200000b,80000s

No pages of output.
